2025-04-15 21:51:13.115217 - Received CBT.V508.FILE507.PDS from FILE507.XMI 
2025-04-15 21:51:13.116707 - Found $$$#DATE.txt (text/plain) in CBT.V508.FILE507.PDS, moved to PDS/$$$#DATE
2025-04-15 21:51:13.117088 - Found $DISCLM.eml (message/rfc822) in CBT.V508.FILE507.PDS, moved to PDS/$DISCLM
2025-04-15 21:51:13.117447 - Found $EMAILS.txt (text/plain) in CBT.V508.FILE507.PDS, moved to PDS/$EMAILS
2025-04-15 21:51:13.117779 - Found $NOMANUL.txt (text/plain) in CBT.V508.FILE507.PDS, moved to PDS/$NOMANUL
2025-04-15 21:51:13.118022 - Found $README.txt (text/plain) in CBT.V508.FILE507.PDS, moved to PDS/$README
2025-04-15 21:51:13.118078 - Found @FILE507.txt (text/plain) in CBT.V508.FILE507.PDS, moved to PDS/@FILE507
2025-04-15 21:51:13.118580 - Found LOADLIB.xmi (application/xmit) in CBT.V508.FILE507.PDS, moved to PDS/LOADLIB.xmi
2025-04-15 21:51:13.127413 - Received TPL.V6.LOADLIB from LOADLIB.xmi 
2025-04-15 21:51:13.127991 - Found E25.bin (application/octet-stream) in TPL.V6.LOADLIB, moved to LOADLIB/E25
2025-04-15 21:51:13.128194 - Found E35.bin (application/octet-stream) in TPL.V6.LOADLIB, moved to LOADLIB/E35
2025-04-15 21:51:13.128438 - Found TPLMONTR.bin (application/octet-stream) in TPL.V6.LOADLIB, moved to LOADLIB/TPLMONTR
2025-04-15 21:51:13.129069 - Found LOADLIB2.bin (application/octet-stream) in CBT.V508.FILE507.PDS, moved to PDS/LOADLIB2
2025-04-15 21:51:13.134032 - Found OBJLIB.xmi (application/xmit) in CBT.V508.FILE507.PDS, moved to PDS/OBJLIB.xmi
2025-04-15 21:51:13.314946 - Received TPL.V6.OBJLIB from OBJLIB.xmi 
2025-04-15 21:51:13.320229 - Found ABSOBJ.bin (application/octet-stream) in TPL.V6.OBJLIB, moved to OBJLIB/ABSOBJ
2025-04-15 21:51:13.323206 - Found CGNOBJ.bin (application/octet-stream) in TPL.V6.OBJLIB, moved to OBJLIB/CGNOBJ
2025-04-15 21:51:13.326086 - Found CTLOBJ.bin (application/octet-stream) in TPL.V6.OBJLIB, moved to OBJLIB/CTLOBJ
2025-04-15 21:51:13.326938 - Found CVTOBJ.bin (application/octet-stream) in TPL.V6.OBJLIB, moved to OBJLIB/CVTOBJ
2025-04-15 21:51:13.327600 - Found DCTOBJ.bin (application/octet-stream) in TPL.V6.OBJLIB, moved to OBJLIB/DCTOBJ
2025-04-15 21:51:13.328062 - Found DCWOBJ.bin (application/octet-stream) in TPL.V6.OBJLIB, moved to OBJLIB/DCWOBJ
2025-04-15 21:51:13.329300 - Found DSPOBJ.bin (application/octet-stream) in TPL.V6.OBJLIB, moved to OBJLIB/DSPOBJ
2025-04-15 21:51:13.330453 - Found LAYOBJ.bin (application/octet-stream) in TPL.V6.OBJLIB, moved to OBJLIB/LAYOBJ
2025-04-15 21:51:13.331171 - Found LIBOBJ.bin (application/octet-stream) in TPL.V6.OBJLIB, moved to OBJLIB/LIBOBJ
2025-04-15 21:51:13.331873 - Found MKLOBJ.bin (application/octet-stream) in TPL.V6.OBJLIB, moved to OBJLIB/MKLOBJ
2025-04-15 21:51:13.332880 - Found PCLOBJ.bin (application/octet-stream) in TPL.V6.OBJLIB, moved to OBJLIB/PCLOBJ
2025-04-15 21:51:13.334021 - Found POTOBJ.bin (application/octet-stream) in TPL.V6.OBJLIB, moved to OBJLIB/POTOBJ
2025-04-15 21:51:13.334990 - Found RDROBJ.bin (application/octet-stream) in TPL.V6.OBJLIB, moved to OBJLIB/RDROBJ
2025-04-15 21:51:13.335505 - Found SETOBJ.bin (application/octet-stream) in TPL.V6.OBJLIB, moved to OBJLIB/SETOBJ
2025-04-15 21:51:13.336375 - Found SISOBJ.bin (application/octet-stream) in TPL.V6.OBJLIB, moved to OBJLIB/SISOBJ
2025-04-15 21:51:13.337004 - Found SUBOBJ.bin (application/octet-stream) in TPL.V6.OBJLIB, moved to OBJLIB/SUBOBJ
2025-04-15 21:51:13.338338 - Found TRNOBJ.bin (application/octet-stream) in TPL.V6.OBJLIB, moved to OBJLIB/TRNOBJ
2025-04-15 21:51:13.339092 - Found WRIOBJ.bin (application/octet-stream) in TPL.V6.OBJLIB, moved to OBJLIB/WRIOBJ
2025-04-15 21:51:13.341444 - Found PROCLIB.xmi (application/xmit) in CBT.V508.FILE507.PDS, moved to PDS/PROCLIB.xmi
2025-04-15 21:51:13.551855 - Received TPL.V6.PROCLIB from PROCLIB.xmi 
2025-04-15 21:51:13.553675 - Found CBKABSTR.txt (text/plain) in TPL.V6.PROCLIB, moved to PROCLIB/CBKABSTR
2025-04-15 21:51:13.554208 - Found CBKENTER.txt (text/plain) in TPL.V6.PROCLIB, moved to PROCLIB/CBKENTER
2025-04-15 21:51:13.554398 - Found CBKLIB.txt (text/plain) in TPL.V6.PROCLIB, moved to PROCLIB/CBKLIB
2025-04-15 21:51:13.554615 - Found CBKMKLIB.txt (text/plain) in TPL.V6.PROCLIB, moved to PROCLIB/CBKMKLIB
2025-04-15 21:51:13.554883 - Found CBKSINGL.txt (text/plain) in TPL.V6.PROCLIB, moved to PROCLIB/CBKSINGL
2025-04-15 21:51:13.555114 - Found SASTOTPL.txt (text/plain) in TPL.V6.PROCLIB, moved to PROCLIB/SASTOTPL
2025-04-15 21:51:13.555313 - Found TPLCLEAN.txt (text/plain) in TPL.V6.PROCLIB, moved to PROCLIB/TPLCLEAN
2025-04-15 21:51:13.555576 - Found TPLCREAT.txt (text/plain) in TPL.V6.PROCLIB, moved to PROCLIB/TPLCREAT
2025-04-15 21:51:13.555891 - Found TPLCRPHO.txt (text/plain) in TPL.V6.PROCLIB, moved to PROCLIB/TPLCRPHO
2025-04-15 21:51:13.556093 - Found TPLCRTP.txt (text/plain) in TPL.V6.PROCLIB, moved to PROCLIB/TPLCRTP
2025-04-15 21:51:13.556263 - Found TPLDICT.txt (text/plain) in TPL.V6.PROCLIB, moved to PROCLIB/TPLDICT
2025-04-15 21:51:13.556485 - Found TPLERCHK.txt (text/plain) in TPL.V6.PROCLIB, moved to PROCLIB/TPLERCHK
2025-04-15 21:51:13.556724 - Found TPLGENTB.txt (text/plain) in TPL.V6.PROCLIB, moved to PROCLIB/TPLGENTB
2025-04-15 21:51:13.556922 - Found TPLMOVE.txt (text/plain) in TPL.V6.PROCLIB, moved to PROCLIB/TPLMOVE
2025-04-15 21:51:13.557300 - Found TPLMULGN.txt (text/plain) in TPL.V6.PROCLIB, moved to PROCLIB/TPLMULGN
2025-04-15 21:51:13.557574 - Found TPLPHOTO.txt (text/plain) in TPL.V6.PROCLIB, moved to PROCLIB/TPLPHOTO
2025-04-15 21:51:13.557818 - Found TPLRERUN.txt (text/plain) in TPL.V6.PROCLIB, moved to PROCLIB/TPLRERUN
2025-04-15 21:51:13.558070 - Found TPLSAVE.txt (text/plain) in TPL.V6.PROCLIB, moved to PROCLIB/TPLSAVE
2025-04-15 21:51:13.558347 - Found TPLSIMU.txt (text/plain) in TPL.V6.PROCLIB, moved to PROCLIB/TPLSIMU
2025-04-15 21:51:13.558577 - Found TPLTOSAS.txt (text/plain) in TPL.V6.PROCLIB, moved to PROCLIB/TPLTOSAS
2025-04-15 21:51:13.558824 - Found TPLTPGEN.txt (text/plain) in TPL.V6.PROCLIB, moved to PROCLIB/TPLTPGEN
2025-04-15 21:51:13.559061 - Found TPLTYPCD.txt (text/plain) in TPL.V6.PROCLIB, moved to PROCLIB/TPLTYPCD
2025-04-15 21:51:13.559261 - Found TPLTYPE.txt (text/plain) in TPL.V6.PROCLIB, moved to PROCLIB/TPLTYPE
